<?xml version="1.0" encoding="UTF-8"?>
<!-- Generated by org.testng.reporters.JUnitXMLReporter -->
<testsuite ignored="0" hostname="QT-INBG-LT0822" failures="0" tests="3" name="Default test" time="19.08" errors="0" timestamp="2022-09-20T11:52:10 IST">
  <testcase classname="mobileworld.signup" name="setup" time="6.953"/>
  <testcase classname="mobileworld.signup" name="setup" time="6.757"/>
  <testcase classname="mobileworld.signup" name="setup" time="5.312"/>
</testsuite> <!-- Default test -->
