<?xml version="1.0" encoding="UTF-8"?>
<!-- Generated by org.testng.reporters.JUnitXMLReporter -->
<testsuite ignored="0" hostname="QT-INBG-LT0822" failures="0" tests="8" name="Test" time="54.612" errors="0" timestamp="2022-09-20T11:55:40 IST">
  <testcase classname="mobileworld.signup" name="setup" time="6.891"/>
  <testcase classname="mobileworld.signup" name="setup" time="5.472"/>
  <testcase classname="mobileworld.signup" name="setup" time="5.847"/>
  <testcase classname="mobileworld.Login" name="setup" time="12.557"/>
  <testcase classname="mobileworld.Contactus" name="setup" time="13.164"/>
  <testcase classname="mobileworld.SignUptest" name="signUp" time="3.226"/>
  <testcase classname="mobileworld.Signtest" name="signin" time="3.626"/>
  <testcase classname="mobileworld.Contacttest" name="contactus" time="3.756"/>
</testsuite> <!-- Test -->
